This is pdfTeX, Version 3.141592653-2.6-1.40.29 (TeX Live 2026) (preloaded format=pdflatex 2026.6.29)  29 JUN 2026 17:07
entering extended mode
 restricted \write18 enabled.
 %&-line parsing enabled.
**main.tex
(./main.tex
LaTeX2e <2025-11-01>
L3 programming layer <2026-01-19>
(/usr/local/texlive/2026/texmf-dist/tex/latex/base/article.cls
Document Class: article 2025/01/22 v1.4n Standard LaTeX document class
(/usr/local/texlive/2026/texmf-dist/tex/latex/base/size10.clo
File: size10.clo 2025/01/22 v1.4n Standard LaTeX file (size option)
)
\c@part=\count275
\c@section=\count276
\c@subsection=\count277
\c@subsubsection=\count278
\c@paragraph=\count279
\c@subparagraph=\count280
\c@figure=\count281
\c@table=\count282
\abovecaptionskip=\skip49
\belowcaptionskip=\skip50
\bibindent=\dimen148
)
(/usr/local/texlive/2026/texmf-dist/tex/latex/geometry/geometry.sty
Package: geometry 2026/03/07 v6.0 Page Geometry

(/usr/local/texlive/2026/texmf-dist/tex/latex/graphics/keyval.sty
Package: keyval 2022/05/29 v1.15 key=value parser (DPC)
\KV@toks@=\toks17
)
(/usr/local/texlive/2026/texmf-dist/tex/generic/iftex/ifvtex.sty
Package: ifvtex 2019/10/25 v1.7 ifvtex legacy package. Use iftex instead.

(/usr/local/texlive/2026/texmf-dist/tex/generic/iftex/iftex.sty
Package: iftex 2024/12/12 v1.0g TeX engine tests
))
\Gm@cnth=\count283
\Gm@cntv=\count284
\c@Gm@tempcnt=\count285
\Gm@bindingoffset=\dimen149
\Gm@wd@mp=\dimen150
\Gm@odd@mp=\dimen151
\Gm@even@mp=\dimen152
\Gm@layoutwidth=\dimen153
\Gm@layoutheight=\dimen154
\Gm@layouthoffset=\dimen155
\Gm@layoutvoffset=\dimen156
\Gm@dimlist=\toks18
)
(/usr/local/texlive/2026/texmf-dist/tex/latex/titlesec/titlesec.sty
Package: titlesec 2025/01/04 v2.17 Sectioning titles
\ttl@box=\box53
\beforetitleunit=\skip51
\aftertitleunit=\skip52
\ttl@plus=\dimen157
\ttl@minus=\dimen158
\ttl@toksa=\toks19
\titlewidth=\dimen159
\titlewidthlast=\dimen160
\titlewidthfirst=\dimen161
)
(/usr/local/texlive/2026/texmf-dist/tex/latex/enumitem/enumitem.sty
Package: enumitem 2025/02/06 v3.11 Customized lists
\labelindent=\skip53
\enit@outerparindent=\dimen162
\enit@toks=\toks20
\enit@inbox=\box54
\enit@count@id=\count286
\enitdp@description=\count287
)
(/usr/local/texlive/2026/texmf-dist/tex/latex/hyperref/hyperref.sty
Package: hyperref 2026-01-29 v7.01p Hypertext links for LaTeX

(/usr/local/texlive/2026/texmf-dist/tex/latex/kvsetkeys/kvsetkeys.sty
Package: kvsetkeys 2022-10-05 v1.19 Key value parser (HO)
)
(/usr/local/texlive/2026/texmf-dist/tex/generic/kvdefinekeys/kvdefinekeys.sty
Package: kvdefinekeys 2019-12-19 v1.6 Define keys (HO)
)
(/usr/local/texlive/2026/texmf-dist/tex/generic/pdfescape/pdfescape.sty
Package: pdfescape 2019/12/09 v1.15 Implements pdfTeX's escape features (HO)

(/usr/local/texlive/2026/texmf-dist/tex/generic/ltxcmds/ltxcmds.sty
Package: ltxcmds 2023-12-04 v1.26 LaTeX kernel commands for general use (HO)
)
(/usr/local/texlive/2026/texmf-dist/tex/generic/pdftexcmds/pdftexcmds.sty
Package: pdftexcmds 2020-06-27 v0.33 Utility functions of pdfTeX for LuaTeX (HO
)

(/usr/local/texlive/2026/texmf-dist/tex/generic/infwarerr/infwarerr.sty
Package: infwarerr 2019/12/03 v1.5 Providing info/warning/error messages (HO)
)
Package pdftexcmds Info: \pdf@primitive is available.
Package pdftexcmds Info: \pdf@ifprimitive is available.
Package pdftexcmds Info: \pdfdraftmode found.
))
(/usr/local/texlive/2026/texmf-dist/tex/latex/hycolor/hycolor.sty
Package: hycolor 2020-01-27 v1.10 Color options for hyperref/bookmark (HO)
)
(/usr/local/texlive/2026/texmf-dist/tex/latex/hyperref/nameref.sty
Package: nameref 2026-01-29 v2.58 Cross-referencing by name of section

(/usr/local/texlive/2026/texmf-dist/tex/latex/refcount/refcount.sty
Package: refcount 2019/12/15 v3.6 Data extraction from label references (HO)
)
(/usr/local/texlive/2026/texmf-dist/tex/generic/gettitlestring/gettitlestring.s
ty
Package: gettitlestring 2019/12/15 v1.6 Cleanup title references (HO)
 (/usr/local/texlive/2026/texmf-dist/tex/latex/kvoptions/kvoptions.sty
Package: kvoptions 2022-06-15 v3.15 Key value format for package options (HO)
))
\c@section@level=\count288
)
(/usr/local/texlive/2026/texmf-dist/tex/latex/etoolbox/etoolbox.sty
Package: etoolbox 2025/10/02 v2.5m e-TeX tools for LaTeX (JAW)
\etb@tempcnta=\count289
)
(/usr/local/texlive/2026/texmf-dist/tex/generic/stringenc/stringenc.sty
Package: stringenc 2019/11/29 v1.12 Convert strings between diff. encodings (HO
)
)
\@linkdim=\dimen163
\Hy@linkcounter=\count290
\Hy@pagecounter=\count291

(/usr/local/texlive/2026/texmf-dist/tex/latex/hyperref/pd1enc.def
File: pd1enc.def 2026-01-29 v7.01p Hyperref: PDFDocEncoding definition (HO)
Now handling font encoding PD1 ...
... no UTF-8 mapping file for font encoding PD1
)
(/usr/local/texlive/2026/texmf-dist/tex/generic/intcalc/intcalc.sty
Package: intcalc 2019/12/15 v1.3 Expandable calculations with integers (HO)
)
\Hy@SavedSpaceFactor=\count292

(/usr/local/texlive/2026/texmf-dist/tex/latex/hyperref/puenc.def
File: puenc.def 2026-01-29 v7.01p Hyperref: PDF Unicode definition (HO)
Now handling font encoding PU ...
... no UTF-8 mapping file for font encoding PU
)
Package hyperref Info: Hyper figures OFF on input line 4201.
Package hyperref Info: Link nesting OFF on input line 4206.
Package hyperref Info: Hyper index ON on input line 4209.
Package hyperref Info: Plain pages OFF on input line 4216.
Package hyperref Info: Backreferencing OFF on input line 4221.
Package hyperref Info: Implicit mode ON; LaTeX internals redefined.
Package hyperref Info: Bookmarks ON on input line 4468.
\c@Hy@tempcnt=\count293

(/usr/local/texlive/2026/texmf-dist/tex/latex/url/url.sty
\Urlmuskip=\muskip17
Package: url 2013/09/16  ver 3.4  Verb mode for urls, etc.
)
LaTeX Info: Redefining \url on input line 4807.
\XeTeXLinkMargin=\dimen164

(/usr/local/texlive/2026/texmf-dist/tex/generic/bitset/bitset.sty
Package: bitset 2019/12/09 v1.3 Handle bit-vector datatype (HO)

(/usr/local/texlive/2026/texmf-dist/tex/generic/bigintcalc/bigintcalc.sty
Package: bigintcalc 2019/12/15 v1.5 Expandable calculations on big integers (HO
)
))
\Fld@menulength=\count294
\Field@Width=\dimen165
\Fld@charsize=\dimen166
Package hyperref Info: Hyper figures OFF on input line 6084.
Package hyperref Info: Link nesting OFF on input line 6089.
Package hyperref Info: Hyper index ON on input line 6092.
Package hyperref Info: backreferencing OFF on input line 6099.
Package hyperref Info: Link coloring OFF on input line 6104.
Package hyperref Info: Link coloring with OCG OFF on input line 6109.
Package hyperref Info: PDF/A mode OFF on input line 6114.
\Hy@abspage=\count295
\c@Item=\count296
\c@Hfootnote=\count297
)
Package hyperref Info: Driver (autodetected): hpdftex.

(/usr/local/texlive/2026/texmf-dist/tex/latex/hyperref/hpdftex.def
File: hpdftex.def 2026-01-29 v7.01p Hyperref driver for pdfTeX
\Fld@listcount=\count298
\c@bookmark@seq@number=\count299

(/usr/local/texlive/2026/texmf-dist/tex/latex/rerunfilecheck/rerunfilecheck.sty
Package: rerunfilecheck 2025-06-21 v1.11 Rerun checks for auxiliary files (HO)

(/usr/local/texlive/2026/texmf-dist/tex/generic/uniquecounter/uniquecounter.sty
Package: uniquecounter 2019/12/15 v1.4 Provide unlimited unique counter (HO)
)
Package uniquecounter Info: New unique counter `rerunfilecheck' on input line 2
84.
)
\Hy@SectionHShift=\skip54
) (/usr/local/texlive/2026/texmf-dist/tex/latex/fontawesome5/fontawesome5.sty (
/usr/local/texlive/2026/texmf-dist/tex/latex/l3kernel/expl3.sty
Package: expl3 2026-01-19 L3 programming layer (loader) 

(/usr/local/texlive/2026/texmf-dist/tex/latex/l3backend/l3backend-pdftex.def
File: l3backend-pdftex.def 2025-10-09 L3 backend support: PDF output (pdfTeX)
\l__color_backend_stack_int=\count300
))
Package: fontawesome5 2022/05/02 v5.15.4 Font Awesome 5

(/usr/local/texlive/2026/texmf-dist/tex/latex/l3packages/l3keys2e/l3keys2e.sty
Package: l3keys2e 2025-10-09 LaTeX2e option processing using LaTeX3 keys
) (/usr/local/texlive/2026/texmf-dist/tex/latex/l3packages/xparse/xparse.sty
Package: xparse 2025-10-09 L3 Experimental document command parser
)
(/usr/local/texlive/2026/texmf-dist/tex/latex/fontawesome5/fontawesome5-generic
-helper.sty
Package: fontawesome5-generic-helper 2022/05/02 v5.15.4 non-uTeX helper for fon
tawesome5

(/usr/local/texlive/2026/texmf-dist/tex/latex/fontawesome5/fontawesome5-mapping
.def))) (/usr/local/texlive/2026/texmf-dist/tex/latex/xcolor/xcolor.sty
Package: xcolor 2024/09/29 v3.02 LaTeX color extensions (UK)

(/usr/local/texlive/2026/texmf-dist/tex/latex/graphics-cfg/color.cfg
File: color.cfg 2016/01/02 v1.6 sample color configuration
)
Package xcolor Info: Driver file: pdftex.def on input line 274.

(/usr/local/texlive/2026/texmf-dist/tex/latex/graphics-def/pdftex.def
File: pdftex.def 2025/09/29 v1.2d Graphics/color driver for pdftex
)
(/usr/local/texlive/2026/texmf-dist/tex/latex/graphics/mathcolor.ltx)
Package xcolor Info: Model `cmy' substituted by `cmy0' on input line 1349.
Package xcolor Info: Model `hsb' substituted by `rgb' on input line 1353.
Package xcolor Info: Model `RGB' extended on input line 1365.
Package xcolor Info: Model `HTML' substituted by `rgb' on input line 1367.
Package xcolor Info: Model `Hsb' substituted by `hsb' on input line 1368.
Package xcolor Info: Model `tHsb' substituted by `hsb' on input line 1369.
Package xcolor Info: Model `HSB' substituted by `hsb' on input line 1370.
Package xcolor Info: Model `Gray' substituted by `gray' on input line 1371.
Package xcolor Info: Model `wave' substituted by `hsb' on input line 1372.
)
(/usr/local/texlive/2026/texmf-dist/tex/latex/base/fontenc.sty
Package: fontenc 2025/07/18 v2.1d Standard LaTeX package
)
(/usr/local/texlive/2026/texmf-dist/tex/latex/lm/lmodern.sty
Package: lmodern 2015/05/01 v1.6.1 Latin Modern Fonts
LaTeX Font Info:    Overwriting symbol font `operators' in version `normal'
(Font)                  OT1/cmr/m/n --> OT1/lmr/m/n on input line 22.
LaTeX Font Info:    Overwriting symbol font `letters' in version `normal'
(Font)                  OML/cmm/m/it --> OML/lmm/m/it on input line 23.
LaTeX Font Info:    Overwriting symbol font `symbols' in version `normal'
(Font)                  OMS/cmsy/m/n --> OMS/lmsy/m/n on input line 24.
LaTeX Font Info:    Overwriting symbol font `largesymbols' in version `normal'
(Font)                  OMX/cmex/m/n --> OMX/lmex/m/n on input line 25.
LaTeX Font Info:    Overwriting symbol font `operators' in version `bold'
(Font)                  OT1/cmr/bx/n --> OT1/lmr/bx/n on input line 26.
LaTeX Font Info:    Overwriting symbol font `letters' in version `bold'
(Font)                  OML/cmm/b/it --> OML/lmm/b/it on input line 27.
LaTeX Font Info:    Overwriting symbol font `symbols' in version `bold'
(Font)                  OMS/cmsy/b/n --> OMS/lmsy/b/n on input line 28.
LaTeX Font Info:    Overwriting symbol font `largesymbols' in version `bold'
(Font)                  OMX/cmex/m/n --> OMX/lmex/m/n on input line 29.
LaTeX Font Info:    Overwriting math alphabet `\mathbf' in version `normal'
(Font)                  OT1/cmr/bx/n --> OT1/lmr/bx/n on input line 31.
LaTeX Font Info:    Overwriting math alphabet `\mathsf' in version `normal'
(Font)                  OT1/cmss/m/n --> OT1/lmss/m/n on input line 32.
LaTeX Font Info:    Overwriting math alphabet `\mathit' in version `normal'
(Font)                  OT1/cmr/m/it --> OT1/lmr/m/it on input line 33.
LaTeX Font Info:    Overwriting math alphabet `\mathtt' in version `normal'
(Font)                  OT1/cmtt/m/n --> OT1/lmtt/m/n on input line 34.
LaTeX Font Info:    Overwriting math alphabet `\mathbf' in version `bold'
(Font)                  OT1/cmr/bx/n --> OT1/lmr/bx/n on input line 35.
LaTeX Font Info:    Overwriting math alphabet `\mathsf' in version `bold'
(Font)                  OT1/cmss/bx/n --> OT1/lmss/bx/n on input line 36.
LaTeX Font Info:    Overwriting math alphabet `\mathit' in version `bold'
(Font)                  OT1/cmr/bx/it --> OT1/lmr/bx/it on input line 37.
LaTeX Font Info:    Overwriting math alphabet `\mathtt' in version `bold'
(Font)                  OT1/cmtt/m/n --> OT1/lmtt/m/n on input line 38.
)
(/usr/local/texlive/2026/texmf-dist/tex/latex/bxcjkjatype/bxcjkjatype.sty
Package: bxcjkjatype 2023/07/23 v0.5
Package bxcjkjatype Info: Driver auto-detected: pdftex on input line 160.

(/usr/local/texlive/2026/texmf-dist/tex/latex/cjk/texinput/CJK.sty
Package: CJK 2021/10/16 4.8.5

(/usr/local/texlive/2026/texmf-dist/tex/latex/cjk/texinput/mule/MULEenc.sty
Package: MULEenc 2021/10/16 4.8.5
)
(/usr/local/texlive/2026/texmf-dist/tex/latex/cjk/texinput/CJK.enc
File: CJK.enc 2021/10/16 4.8.5
Now handling font encoding C00 ...
... no UTF-8 mapping file for font encoding C00
Now handling font encoding C05 ...
... no UTF-8 mapping file for font encoding C05
Now handling font encoding C09 ...
... no UTF-8 mapping file for font encoding C09
Now handling font encoding C10 ...
... no UTF-8 mapping file for font encoding C10
Now handling font encoding C20 ...
... no UTF-8 mapping file for font encoding C20
Now handling font encoding C19 ...
... no UTF-8 mapping file for font encoding C19
Now handling font encoding C40 ...
... no UTF-8 mapping file for font encoding C40
Now handling font encoding C42 ...
... no UTF-8 mapping file for font encoding C42
Now handling font encoding C43 ...
... no UTF-8 mapping file for font encoding C43
Now handling font encoding C50 ...
... no UTF-8 mapping file for font encoding C50
Now handling font encoding C52 ...
... no UTF-8 mapping file for font encoding C52
Now handling font encoding C49 ...
... no UTF-8 mapping file for font encoding C49
Now handling font encoding C60 ...
... no UTF-8 mapping file for font encoding C60
Now handling font encoding C61 ...
... no UTF-8 mapping file for font encoding C61
Now handling font encoding C63 ...
... no UTF-8 mapping file for font encoding C63
Now handling font encoding C64 ...
... no UTF-8 mapping file for font encoding C64
Now handling font encoding C65 ...
... no UTF-8 mapping file for font encoding C65
Now handling font encoding C70 ...
... no UTF-8 mapping file for font encoding C70
Now handling font encoding C31 ...
... no UTF-8 mapping file for font encoding C31
Now handling font encoding C32 ...
... no UTF-8 mapping file for font encoding C32
Now handling font encoding C33 ...
... no UTF-8 mapping file for font encoding C33
Now handling font encoding C34 ...
... no UTF-8 mapping file for font encoding C34
Now handling font encoding C35 ...
... no UTF-8 mapping file for font encoding C35
Now handling font encoding C36 ...
... no UTF-8 mapping file for font encoding C36
Now handling font encoding C37 ...
... no UTF-8 mapping file for font encoding C37
Now handling font encoding C80 ...
... no UTF-8 mapping file for font encoding C80
Now handling font encoding C81 ...
... no UTF-8 mapping file for font encoding C81
Now handling font encoding C01 ...
... no UTF-8 mapping file for font encoding C01
Now handling font encoding C11 ...
... no UTF-8 mapping file for font encoding C11
Now handling font encoding C21 ...
... no UTF-8 mapping file for font encoding C21
Now handling font encoding C41 ...
... no UTF-8 mapping file for font encoding C41
Now handling font encoding C62 ...
... no UTF-8 mapping file for font encoding C62
)
\CJK@indent=\box55
)
(/usr/local/texlive/2026/texmf-dist/tex/latex/cjk/texinput/CJKutf8.sty
Package: CJKutf8 2021/10/16 4.8.5

(/usr/local/texlive/2026/texmf-dist/tex/generic/iftex/ifpdf.sty
Package: ifpdf 2019/10/25 v3.4 ifpdf legacy package. Use iftex instead.
)
(/usr/local/texlive/2026/texmf-dist/tex/latex/base/inputenc.sty
Package: inputenc 2024/02/08 v1.3d Input encoding file
\inpenc@prehook=\toks21
\inpenc@posthook=\toks22
)
(/usr/local/texlive/2026/texmf-dist/tex/latex/base/fontenc.sty
Package: fontenc 2025/07/18 v2.1d Standard LaTeX package
LaTeX Font Info:    Trying to load font information for T1+lmr on input line 11
6.

(/usr/local/texlive/2026/texmf-dist/tex/latex/lm/t1lmr.fd
File: t1lmr.fd 2015/05/01 v1.6.1 Font defs for Latin Modern
)))
(/usr/local/texlive/2026/texmf-dist/tex/latex/cjk/texinput/CJKspace.sty
Package: CJKspace 2021/10/16 3.8.0
)
(/usr/local/texlive/2026/texmf-dist/tex/latex/cjkpunct/CJKpunct.sty
Package: CJKpunct 2016/05/14 4.8.4
\CJKpunct@cnta=\count301
\CJKpunct@cntb=\count302
\CJKpunct@cntc=\count303
\CJKpunct@cntd=\count304
\CJKpunct@cnte=\count305
   defining Unicode char U+2018 (decimal 8216)
   defining Unicode char U+2019 (decimal 8217)
   defining Unicode char U+201C (decimal 8220)
   defining Unicode char U+201D (decimal 8221)
   defining Unicode char U+2014 (decimal 8212)
   defining Unicode char U+2026 (decimal 8230)

(/usr/local/texlive/2026/texmf-dist/tex/latex/cjkpunct/CJKpunct.spa))
(/usr/local/texlive/2026/texmf-dist/tex/latex/cjk/texinput/UTF8/UTF8.bdg
File: UTF8.bdg 2021/10/16 4.8.5
))
(/usr/local/texlive/2026/texmf-dist/tex/latex/parskip/parskip.sty
Package: parskip 2021-03-14 v2.0h non-zero parskip adjustments
)
(/usr/local/texlive/2026/texmf-dist/tex/latex/microtype/microtype.sty
Package: microtype 2026/03/01 v3.2d Micro-typographical refinements (RS)
\MT@toks=\toks23
\MT@tempbox=\box56
\MT@count=\count306
LaTeX Info: Redefining \noprotrusionifhmode on input line 1084.
LaTeX Info: Redefining \leftprotrusion on input line 1085.
\MT@prot@toks=\toks24
LaTeX Info: Redefining \rightprotrusion on input line 1104.
LaTeX Info: Redefining \textls on input line 1449.
\MT@outer@kern=\dimen167
LaTeX Info: Redefining \microtypecontext on input line 2053.
LaTeX Info: Redefining \textmicrotypecontext on input line 2070.
\MT@listname@count=\count307

(/usr/local/texlive/2026/texmf-dist/tex/latex/microtype/microtype-pdftex.def
File: microtype-pdftex.def 2026/03/01 v3.2d Definitions specific to pdftex (RS)

LaTeX Info: Redefining \lsstyle on input line 944.
LaTeX Info: Redefining \lslig on input line 944.
\MT@outer@space=\skip55
)
Package microtype Info: Loading configuration file microtype.cfg.

(/usr/local/texlive/2026/texmf-dist/tex/latex/microtype/microtype.cfg
File: microtype.cfg 2026/03/01 v3.2d microtype main configuration file (RS)
)
LaTeX Info: Redefining \microtypesetup on input line 3065.
)
Package hyperref Info: Option `colorlinks' set `true' on input line 27.
\c@publisti=\count308
\enitdp@publist=\count309

(./main.aux)
\openout1 = `main.aux'.

LaTeX Font Info:    Checking defaults for OML/cmm/m/it on input line 59.
LaTeX Font Info:    ... okay on input line 59.
LaTeX Font Info:    Checking defaults for OMS/cmsy/m/n on input line 59.
LaTeX Font Info:    ... okay on input line 59.
LaTeX Font Info:    Checking defaults for OT1/cmr/m/n on input line 59.
LaTeX Font Info:    ... okay on input line 59.
LaTeX Font Info:    Checking defaults for T1/cmr/m/n on input line 59.
LaTeX Font Info:    ... okay on input line 59.
LaTeX Font Info:    Checking defaults for TS1/cmr/m/n on input line 59.
LaTeX Font Info:    ... okay on input line 59.
LaTeX Font Info:    Checking defaults for OMX/cmex/m/n on input line 59.
LaTeX Font Info:    ... okay on input line 59.
LaTeX Font Info:    Checking defaults for U/cmr/m/n on input line 59.
LaTeX Font Info:    ... okay on input line 59.
LaTeX Font Info:    Checking defaults for PD1/pdf/m/n on input line 59.
LaTeX Font Info:    ... okay on input line 59.
LaTeX Font Info:    Checking defaults for PU/pdf/m/n on input line 59.
LaTeX Font Info:    ... okay on input line 59.
LaTeX Font Info:    Checking defaults for C00/song/m/n on input line 59.
LaTeX Font Info:    ... okay on input line 59.
LaTeX Font Info:    Checking defaults for C05/song/m/n on input line 59.
LaTeX Font Info:    ... okay on input line 59.
LaTeX Font Info:    Checking defaults for C09/song/m/n on input line 59.
LaTeX Font Info:    ... okay on input line 59.
LaTeX Font Info:    Checking defaults for C10/song/m/n on input line 59.
LaTeX Font Info:    ... okay on input line 59.
LaTeX Font Info:    Checking defaults for C20/song/m/n on input line 59.
LaTeX Font Info:    ... okay on input line 59.
LaTeX Font Info:    Checking defaults for C19/song/m/n on input line 59.
LaTeX Font Info:    ... okay on input line 59.
LaTeX Font Info:    Checking defaults for C40/song/m/n on input line 59.
LaTeX Font Info:    ... okay on input line 59.
LaTeX Font Info:    Checking defaults for C42/song/m/n on input line 59.
LaTeX Font Info:    ... okay on input line 59.
LaTeX Font Info:    Checking defaults for C43/song/m/n on input line 59.
LaTeX Font Info:    ... okay on input line 59.
LaTeX Font Info:    Checking defaults for C50/song/m/n on input line 59.
LaTeX Font Info:    ... okay on input line 59.
LaTeX Font Info:    Checking defaults for C52/song/m/n on input line 59.
LaTeX Font Info:    ... okay on input line 59.
LaTeX Font Info:    Checking defaults for C49/song/m/n on input line 59.
LaTeX Font Info:    ... okay on input line 59.
LaTeX Font Info:    Checking defaults for C60/mj/m/n on input line 59.
LaTeX Font Info:    ... okay on input line 59.
LaTeX Font Info:    Checking defaults for C61/mj/m/n on input line 59.
LaTeX Font Info:    ... okay on input line 59.
LaTeX Font Info:    Checking defaults for C63/mj/m/n on input line 59.
LaTeX Font Info:    ... okay on input line 59.
LaTeX Font Info:    Checking defaults for C64/mj/m/n on input line 59.
LaTeX Font Info:    ... okay on input line 59.
LaTeX Font Info:    Checking defaults for C65/mj/m/n on input line 59.
LaTeX Font Info:    ... okay on input line 59.
LaTeX Font Info:    Checking defaults for C70/song/m/n on input line 59.
LaTeX Font Info:    ... okay on input line 59.
LaTeX Font Info:    Checking defaults for C31/song/m/n on input line 59.
LaTeX Font Info:    ... okay on input line 59.
LaTeX Font Info:    Checking defaults for C32/song/m/n on input line 59.
LaTeX Font Info:    ... okay on input line 59.
LaTeX Font Info:    Checking defaults for C33/song/m/n on input line 59.
LaTeX Font Info:    ... okay on input line 59.
LaTeX Font Info:    Checking defaults for C34/song/m/n on input line 59.
LaTeX Font Info:    ... okay on input line 59.
LaTeX Font Info:    Checking defaults for C35/song/m/n on input line 59.
LaTeX Font Info:    ... okay on input line 59.
LaTeX Font Info:    Checking defaults for C36/song/m/n on input line 59.
LaTeX Font Info:    ... okay on input line 59.
LaTeX Font Info:    Checking defaults for C37/song/m/n on input line 59.
LaTeX Font Info:    ... okay on input line 59.
LaTeX Font Info:    Checking defaults for C80/song/m/n on input line 59.
LaTeX Font Info:    ... okay on input line 59.
LaTeX Font Info:    Checking defaults for C81/song/m/n on input line 59.
LaTeX Font Info:    ... okay on input line 59.
LaTeX Font Info:    Checking defaults for C01/song/m/n on input line 59.
LaTeX Font Info:    ... okay on input line 59.
LaTeX Font Info:    Checking defaults for C11/song/m/n on input line 59.
LaTeX Font Info:    ... okay on input line 59.
LaTeX Font Info:    Checking defaults for C21/song/m/n on input line 59.
LaTeX Font Info:    ... okay on input line 59.
LaTeX Font Info:    Checking defaults for C41/song/m/n on input line 59.
LaTeX Font Info:    ... okay on input line 59.
LaTeX Font Info:    Checking defaults for C62/song/m/n on input line 59.
LaTeX Font Info:    ... okay on input line 59.

*geometry* driver: auto-detecting
*geometry* detected driver: pdftex
*geometry* verbose mode - [ preamble ] result:
* driver: pdftex
* paper: a4paper
* layout: <same size as paper>
* layoutoffset:(h,v)=(0.0pt,0.0pt)
* modes: 
* h-part:(L,W,R)=(50.58878pt, 496.33032pt, 50.58878pt)
* v-part:(T,H,B)=(43.36243pt, 758.32199pt, 43.36243pt)
* \paperwidth=597.50787pt
* \paperheight=845.04684pt
* \textwidth=496.33032pt
* \textheight=758.32199pt
* \oddsidemargin=-21.68121pt
* \evensidemargin=-21.68121pt
* \topmargin=-65.90756pt
* \headheight=12.0pt
* \headsep=25.0pt
* \topskip=10.0pt
* \footskip=30.0pt
* \marginparwidth=57.0pt
* \marginparsep=11.0pt
* \columnsep=10.0pt
* \skip\footins=9.0pt plus 4.0pt minus 2.0pt
* \hoffset=0.0pt
* \voffset=0.0pt
* \mag=1000
* \@twocolumnfalse
* \@twosidefalse
* \@mparswitchfalse
* \@reversemarginfalse
* (1in=72.27pt=25.4mm, 1cm=28.453pt)

Package hyperref Info: Link coloring ON on input line 59.
(./main.out) (./main.out)
\@outlinefile=\write3
\openout3 = `main.out'.


(/usr/local/texlive/2026/texmf-dist/tex/context/base/mkii/supp-pdf.mkii
[Loading MPS to PDF converter (version 2006.09.02).]
\scratchcounter=\count310
\scratchdimen=\dimen168
\scratchbox=\box57
\nofMPsegments=\count311
\nofMParguments=\count312
\everyMPshowfont=\toks25
\MPscratchCnt=\count313
\MPscratchDim=\dimen169
\MPnumerator=\count314
\makeMPintoPDFobject=\count315
\everyMPtoPDFconversion=\toks26
) (/usr/local/texlive/2026/texmf-dist/tex/latex/cjk/texinput/UTF8/UTF8.enc
File: UTF8.enc 2021/10/16 4.8.5
)
(/usr/local/texlive/2026/texmf-dist/tex/latex/cjk/texinput/UTF8/UTF8.chr
File: UTF8.chr 2021/10/16 4.8.5
)
LaTeX Info: Redefining \microtypecontext on input line 59.
Package microtype Info: Applying patch `item' on input line 59.
Package microtype Info: Applying patch `toc' on input line 59.
Package microtype Info: Applying patch `eqnum' on input line 59.
Package microtype Info: Applying patch `footnote' on input line 59.
Package microtype Info: Applying patch `verbatim' on input line 59.
LaTeX Info: Redefining \microtypesetup on input line 59.
Package microtype Info: Generating PDF output.
Package microtype Info: Character protrusion enabled (level 2).
Package microtype Info: Using default protrusion set `alltext'.
Package microtype Info: Automatic font expansion enabled (level 2),
(microtype)             stretch: 20, shrink: 20, step: 1, non-selected.
Package microtype Info: Using default expansion set `alltext-nott'.
Package microtype Info: Patching command `\showhyphens'.
Package microtype Info: No adjustment of tracking.
Package microtype Info: No adjustment of interword spacing.
Package microtype Info: No adjustment of character kerning.

(/usr/local/texlive/2026/texmf-dist/tex/latex/microtype/mt-cmr.cfg
File: mt-cmr.cfg 2013/05/19 v2.2 microtype config. file: Computer Modern Roman 
(RS)
)
Package microtype Info: Character `029' is missing
(microtype)             in font `T1/lmr/m/sc/17.28'.
(microtype)             Ignoring protrusion settings for this character.
LaTeX Font Info:    Font shape `C70/mc/m/sc'
(Font)              in size <17.28> not available.
(Font)              Font shape `C70/mc/m/n'
(Font)              tried instead on input line 63.
LaTeX Font Info:    Font shape `C70/mc/m/n' will be
(Font)              scaled to size 17.28pt on input line 63.
Package CJKpunct Info: punctuation spaces for family 'mc' do not exist. Use fam
ily 'def' instead. on input line 63.
LaTeX Font Info:    Trying to load font information for U+fontawesomefree1 on i
nput line 64.

(/usr/local/texlive/2026/texmf-dist/tex/latex/fontawesome5/ufontawesomefree1.fd
)
LaTeX Font Info:    Trying to load font information for TS1+lmr on input line 6
4.
 (/usr/local/texlive/2026/texmf-dist/tex/latex/lm/ts1lmr.fd
File: ts1lmr.fd 2015/05/01 v1.6.1 Font defs for Latin Modern
)
LaTeX Font Info:    Trying to load font information for U+fontawesomebrands0 on
 input line 66.

(/usr/local/texlive/2026/texmf-dist/tex/latex/fontawesome5/ufontawesomebrands0.
fd)
LaTeX Font Info:    Font shape `U/fontawesomebrands0/solid/n' in size <10> not 
available
(Font)              Font shape `U/fontawesomebrands0/regular/n' tried instead o
n input line 66.
Package microtype Info: Character `029' is missing
(microtype)             in font `T1/lmr/m/sc/12'.
(microtype)             Ignoring protrusion settings for this character.
LaTeX Font Info:    Font shape `C70/mc/m/sc'
(Font)              in size <12> not available.
(Font)              Font shape `C70/mc/m/n'
(Font)              tried instead on input line 71.
LaTeX Font Info:    Font shape `C70/mc/m/n' will be
(Font)              scaled to size 12.0pt on input line 71.
LaTeX Font Info:    Font shape `C70/mc/m/n' will be
(Font)              scaled to size 10.0pt on input line 72.
LaTeX Font Info:    Font shape `C70/mc/bx/n'
(Font)              in size <10> not available.
(Font)              Font shape `C70/gt/m/n'
(Font)              tried instead on input line 77.
LaTeX Font Info:    Font shape `C70/gt/m/n' will be
(Font)              scaled to size 10.0pt on input line 77.
LaTeX Font Info:    Font shape `C70/mc/m/it'
(Font)              in size <10> not available.
(Font)              Font shape `C70/mc/m/n'
(Font)              tried instead on input line 77.
LaTeX Font Info:    Font shape `C70/mc/m/n' will be
(Font)              scaled to size 8.0pt on input line 78.
 [1

{/usr/local/texlive/2026/texmf-var/fonts/map/pdftex/updmap/pdftex.map}{/usr/loc
al/texlive/2026/texmf-dist/fonts/enc/dvips/ipaex-type1/ipxt1-u30.enc}{/usr/loca
l/texlive/2026/texmf-dist/fonts/enc/dvips/ipaex-type1/ipxt1-uff.enc}{/usr/local
/texlive/2026/texmf-dist/fonts/enc/dvips/lm/lm-ec.enc}{/usr/local/texlive/2026/
texmf-dist/fonts/enc/dvips/fontawesome5/fa5free1.enc}{/usr/local/texlive/2026/t
exmf-dist/fonts/enc/dvips/lm/lm-ts1.enc}{/usr/local/texlive/2026/texmf-dist/fon
ts/enc/dvips/fontawesome5/fa5brands0.enc}{/usr/local/texlive/2026/texmf-dist/fo
nts/enc/dvips/ipaex-type1/ipxt1-u69.enc}{/usr/local/texlive/2026/texmf-dist/fon
ts/enc/dvips/ipaex-type1/ipxt1-u89.enc}{/usr/local/texlive/2026/texmf-dist/font
s/enc/dvips/ipaex-type1/ipxt1-u59.enc}{/usr/local/texlive/2026/texmf-dist/fonts
/enc/dvips/ipaex-type1/ipxt1-u6a.enc}{/usr/local/texlive/2026/texmf-dist/fonts/
enc/dvips/ipaex-type1/ipxt1-u8a.enc}{/usr/local/texlive/2026/texmf-dist/fonts/e
nc/dvips/ipaex-type1/ipxt1-u52.enc}{/usr/local/texlive/2026/texmf-dist/fonts/en
c/dvips/ipaex-type1/ipxt1-u73.enc}{/usr/local/texlive/2026/texmf-dist/fonts/enc
/dvips/ipaex-type1/ipxt1-u76.enc}{/usr/local/texlive/2026/texmf-dist/fonts/enc/
dvips/ipaex-type1/ipxt1-u5b.enc}{/usr/local/texlive/2026/texmf-dist/fonts/enc/d
vips/ipaex-type1/ipxt1-u7f.enc}{/usr/local/texlive/2026/texmf-dist/fonts/enc/dv
ips/ipaex-type1/ipxt1-u63.enc}{/usr/local/texlive/2026/texmf-dist/fonts/enc/dvi
ps/ipaex-type1/ipxt1-u5c.enc}{/usr/local/texlive/2026/texmf-dist/fonts/enc/dvip
s/ipaex-type1/ipxt1-u95.enc}{/usr/local/texlive/2026/texmf-dist/fonts/enc/dvips
/ipaex-type1/ipxt1-u68.enc}{/usr/local/texlive/2026/texmf-dist/fonts/enc/dvips/
ipaex-type1/ipxt1-u78.enc}{/usr/local/texlive/2026/texmf-dist/fonts/enc/dvips/i
paex-type1/ipxt1-u7a.enc}{/usr/local/texlive/2026/texmf-dist/fonts/enc/dvips/ip
aex-type1/ipxt1-u80.enc}{/usr/local/texlive/2026/texmf-dist/fonts/enc/dvips/ipa
ex-type1/ipxt1-u7b.enc}{/usr/local/texlive/2026/texmf-dist/fonts/enc/dvips/ipae
x-type1/ipxt1-u98.enc}{/usr/local/texlive/2026/texmf-dist/fonts/enc/dvips/ipaex
-type1/ipxt1-u84.enc}{/usr/local/texlive/2026/texmf-dist/fonts/enc/dvips/ipaex-
type1/ipxt1-u51.enc}{/usr/local/texlive/2026/texmf-dist/fonts/enc/dvips/ipaex-t
ype1/ipxt1-u54.enc}{/usr/local/texlive/2026/texmf-dist/fonts/enc/dvips/ipaex-ty
pe1/ipxt1-u65.enc}{/usr/local/texlive/2026/texmf-dist/fonts/enc/dvips/ipaex-typ
e1/ipxt1-u88.enc}{/usr/local/texlive/2026/texmf-dist/fonts/enc/dvips/ipaex-type
1/ipxt1-u96.enc}{/usr/local/texlive/2026/texmf-dist/fonts/enc/dvips/ipaex-type1
/ipxt1-u53.enc}{/usr/local/texlive/2026/texmf-dist/fonts/enc/dvips/ipaex-type1/
ipxt1-u5f.enc}{/usr/local/texlive/2026/texmf-dist/fonts/enc/dvips/ipaex-type1/i
pxt1-u57.enc}{/usr/local/texlive/2026/texmf-dist/fonts/enc/dvips/ipaex-type1/ip
xt1-u4e.enc}{/usr/local/texlive/2026/texmf-dist/fonts/enc/dvips/ipaex-type1/ipx
t1-u67.enc}{/usr/local/texlive/2026/texmf-dist/fonts/enc/dvips/ipaex-type1/ipxt
1-u90.enc}{/usr/local/texlive/2026/texmf-dist/fonts/enc/dvips/ipaex-type1/ipxt1
-u62.enc}{/usr/local/texlive/2026/texmf-dist/fonts/enc/dvips/ipaex-type1/ipxt1-
u7c.enc}{/usr/local/texlive/2026/texmf-dist/fonts/enc/dvips/ipaex-type1/ipxt1-u
56.enc}{/usr/local/texlive/2026/texmf-dist/fonts/enc/dvips/ipaex-type1/ipxt1-u7
e.enc}{/usr/local/texlive/2026/texmf-dist/fonts/enc/dvips/ipaex-type1/ipxt1-u6b
.enc}{/usr/local/texlive/2026/texmf-dist/fonts/enc/dvips/ipaex-type1/ipxt1-u5d.
enc}{/usr/local/texlive/2026/texmf-dist/fonts/enc/dvips/ipaex-type1/ipxt1-u79.e
nc}{/usr/local/texlive/2026/texmf-dist/fonts/enc/dvips/ipaex-type1/ipxt1-u4f.en
c}{/usr/local/texlive/2026/texmf-dist/fonts/enc/dvips/ipaex-type1/ipxt1-u58.enc
}{/usr/local/texlive/2026/texmf-dist/fonts/enc/dvips/ipaex-type1/ipxt1-u77.enc}
{/usr/local/texlive/2026/texmf-dist/fonts/enc/dvips/ipaex-type1/ipxt1-u5e.enc}{
/usr/local/texlive/2026/texmf-dist/fonts/enc/dvips/ipaex-type1/ipxt1-u8c.enc}{/
usr/local/texlive/2026/texmf-dist/fonts/enc/dvips/ipaex-type1/ipxt1-u75.enc}{/u
sr/local/texlive/2026/texmf-dist/fonts/enc/dvips/ipaex-type1/ipxt1-u72.enc}] [2
{/usr/local/texlive/2026/texmf-dist/fonts/enc/dvips/ipaex-type1/ipxt1-u7d.enc}{
/usr/local/texlive/2026/texmf-dist/fonts/enc/dvips/ipaex-type1/ipxt1-u66.enc}{/
usr/local/texlive/2026/texmf-dist/fonts/enc/dvips/ipaex-type1/ipxt1-u6c.enc}{/u
sr/local/texlive/2026/texmf-dist/fonts/enc/dvips/ipaex-type1/ipxt1-u8f.enc}{/us
r/local/texlive/2026/texmf-dist/fonts/enc/dvips/ipaex-type1/ipxt1-u74.enc}{/usr
/local/texlive/2026/texmf-dist/fonts/enc/dvips/ipaex-type1/ipxt1-u8b.enc}{/usr/
local/texlive/2026/texmf-dist/fonts/enc/dvips/ipaex-type1/ipxt1-u6e.enc}{/usr/l
ocal/texlive/2026/texmf-dist/fonts/enc/dvips/ipaex-type1/ipxt1-u50.enc}{/usr/lo
cal/texlive/2026/texmf-dist/fonts/enc/dvips/ipaex-type1/ipxt1-u6d.enc}{/usr/loc
al/texlive/2026/texmf-dist/fonts/enc/dvips/ipaex-type1/ipxt1-u81.enc}{/usr/loca
l/texlive/2026/texmf-dist/fonts/enc/dvips/ipaex-type1/ipxt1-u64.enc}{/usr/local
/texlive/2026/texmf-dist/fonts/enc/dvips/ipaex-type1/ipxt1-u6f.enc}{/usr/local/
texlive/2026/texmf-dist/fonts/enc/dvips/ipaex-type1/ipxt1-u55.enc}{/usr/local/t
exlive/2026/texmf-dist/fonts/enc/dvips/ipaex-type1/ipxt1-u91.enc}{/usr/local/te
xlive/2026/texmf-dist/fonts/enc/dvips/ipaex-type1/ipxt1-u99.enc}{/usr/local/tex
live/2026/texmf-dist/fonts/enc/dvips/ipaex-type1/ipxt1-u9a.enc}{/usr/local/texl
ive/2026/texmf-dist/fonts/enc/dvips/ipaex-type1/ipxt1-u82.enc}]
(./main.aux)
 ***********
LaTeX2e <2025-11-01>
L3 programming layer <2026-01-19>
 ***********
Package rerunfilecheck Info: File `main.out' has not changed.
(rerunfilecheck)             Checksum: F39E33369FFB02FB33E551E6A9D2B27F;699.
 ) 
Here is how much of TeX's memory you used:
 18663 strings out of 467525
 312507 string characters out of 5418982
 773327 words of memory out of 5000000
 46859 multiletter control sequences out of 15000+600000
 688214 words of font info for 205 fonts, out of 8000000 for 9000
 1141 hyphenation exceptions out of 8191
 75i,5n,79p,1193b,708s stack positions out of 10000i,1000n,20000p,200000b,200000s
</usr/local/texlive/2026/texmf-dist/fonts/type1/public/fontawesome5/FontAweso
me5Brands-Regular.pfb></usr/local/texlive/2026/texmf-dist/fonts/type1/public/fo
ntawesome5/FontAwesome5Free-Solid.pfb></usr/local/texlive/2026/texmf-dist/fonts
/type1/public/ipaex-type1/ipxg-r-u30.pfb></usr/local/texlive/2026/texmf-dist/fo
nts/type1/public/ipaex-type1/ipxg-r-u4e.pfb></usr/local/texlive/2026/texmf-dist
/fonts/type1/public/ipaex-type1/ipxg-r-u56.pfb></usr/local/texlive/2026/texmf-d
ist/fonts/type1/public/ipaex-type1/ipxg-r-u59.pfb></usr/local/texlive/2026/texm
f-dist/fonts/type1/public/ipaex-type1/ipxg-r-u5b.pfb></usr/local/texlive/2026/t
exmf-dist/fonts/type1/public/ipaex-type1/ipxg-r-u5d.pfb></usr/local/texlive/202
6/texmf-dist/fonts/type1/public/ipaex-type1/ipxg-r-u65.pfb></usr/local/texlive/
2026/texmf-dist/fonts/type1/public/ipaex-type1/ipxg-r-u67.pfb></usr/local/texli
ve/2026/texmf-dist/fonts/type1/public/ipaex-type1/ipxg-r-u79.pfb></usr/local/te
xlive/2026/texmf-dist/fonts/type1/public/ipaex-type1/ipxg-r-u82.pfb></usr/local
/texlive/2026/texmf-dist/fonts/type1/public/ipaex-type1/ipxg-r-u8a.pfb></usr/lo
cal/texlive/2026/texmf-dist/fonts/type1/public/ipaex-type1/ipxm-r-u30.pfb></usr
/local/texlive/2026/texmf-dist/fonts/type1/public/ipaex-type1/ipxm-r-u4e.pfb></
usr/local/texlive/2026/texmf-dist/fonts/type1/public/ipaex-type1/ipxm-r-u4f.pfb
></usr/local/texlive/2026/texmf-dist/fonts/type1/public/ipaex-type1/ipxm-r-u50.
pfb></usr/local/texlive/2026/texmf-dist/fonts/type1/public/ipaex-type1/ipxm-r-u
51.pfb></usr/local/texlive/2026/texmf-dist/fonts/type1/public/ipaex-type1/ipxm-
r-u52.pfb></usr/local/texlive/2026/texmf-dist/fonts/type1/public/ipaex-type1/ip
xm-r-u53.pfb></usr/local/texlive/2026/texmf-dist/fonts/type1/public/ipaex-type1
/ipxm-r-u54.pfb></usr/local/texlive/2026/texmf-dist/fonts/type1/public/ipaex-ty
pe1/ipxm-r-u55.pfb></usr/local/texlive/2026/texmf-dist/fonts/type1/public/ipaex
-type1/ipxm-r-u56.pfb></usr/local/texlive/2026/texmf-dist/fonts/type1/public/ip
aex-type1/ipxm-r-u57.pfb></usr/local/texlive/2026/texmf-dist/fonts/type1/public
/ipaex-type1/ipxm-r-u58.pfb></usr/local/texlive/2026/texmf-dist/fonts/type1/pub
lic/ipaex-type1/ipxm-r-u59.pfb></usr/local/texlive/2026/texmf-dist/fonts/type1/
public/ipaex-type1/ipxm-r-u5b.pfb></usr/local/texlive/2026/texmf-dist/fonts/typ
e1/public/ipaex-type1/ipxm-r-u5c.pfb></usr/local/texlive/2026/texmf-dist/fonts/
type1/public/ipaex-type1/ipxm-r-u5d.pfb></usr/local/texlive/2026/texmf-dist/fon
ts/type1/public/ipaex-type1/ipxm-r-u5e.pfb></usr/local/texlive/2026/texmf-dist/
fonts/type1/public/ipaex-type1/ipxm-r-u5f.pfb></usr/local/texlive/2026/texmf-di
st/fonts/type1/public/ipaex-type1/ipxm-r-u62.pfb></usr/local/texlive/2026/texmf
-dist/fonts/type1/public/ipaex-type1/ipxm-r-u63.pfb></usr/local/texlive/2026/te
xmf-dist/fonts/type1/public/ipaex-type1/ipxm-r-u64.pfb></usr/local/texlive/2026
/texmf-dist/fonts/type1/public/ipaex-type1/ipxm-r-u65.pfb></usr/local/texlive/2
026/texmf-dist/fonts/type1/public/ipaex-type1/ipxm-r-u66.pfb></usr/local/texliv
e/2026/texmf-dist/fonts/type1/public/ipaex-type1/ipxm-r-u67.pfb></usr/local/tex
live/2026/texmf-dist/fonts/type1/public/ipaex-type1/ipxm-r-u68.pfb></usr/local/
texlive/2026/texmf-dist/fonts/type1/public/ipaex-type1/ipxm-r-u69.pfb></usr/loc
al/texlive/2026/texmf-dist/fonts/type1/public/ipaex-type1/ipxm-r-u6a.pfb></usr/
local/texlive/2026/texmf-dist/fonts/type1/public/ipaex-type1/ipxm-r-u6b.pfb></u
sr/local/texlive/2026/texmf-dist/fonts/type1/public/ipaex-type1/ipxm-r-u6c.pfb>
</usr/local/texlive/2026/texmf-dist/fonts/type1/public/ipaex-type1/ipxm-r-u6d.p
fb></usr/local/texlive/2026/texmf-dist/fonts/type1/public/ipaex-type1/ipxm-r-u6
e.pfb></usr/local/texlive/2026/texmf-dist/fonts/type1/public/ipaex-type1/ipxm-r
-u6f.pfb></usr/local/texlive/2026/texmf-dist/fonts/type1/public/ipaex-type1/ipx
m-r-u72.pfb></usr/local/texlive/2026/texmf-dist/fonts/type1/public/ipaex-type1/
ipxm-r-u73.pfb></usr/local/texlive/2026/texmf-dist/fonts/type1/public/ipaex-typ
e1/ipxm-r-u74.pfb></usr/local/texlive/2026/texmf-dist/fonts/type1/public/ipaex-
type1/ipxm-r-u75.pfb></usr/local/texlive/2026/texmf-dist/fonts/type1/public/ipa
ex-type1/ipxm-r-u76.pfb></usr/local/texlive/2026/texmf-dist/fonts/type1/public/
ipaex-type1/ipxm-r-u77.pfb></usr/local/texlive/2026/texmf-dist/fonts/type1/publ
ic/ipaex-type1/ipxm-r-u78.pfb></usr/local/texlive/2026/texmf-dist/fonts/type1/p
ublic/ipaex-type1/ipxm-r-u79.pfb></usr/local/texlive/2026/texmf-dist/fonts/type
1/public/ipaex-type1/ipxm-r-u7a.pfb></usr/local/texlive/2026/texmf-dist/fonts/t
ype1/public/ipaex-type1/ipxm-r-u7b.pfb></usr/local/texlive/2026/texmf-dist/font
s/type1/public/ipaex-type1/ipxm-r-u7c.pfb></usr/local/texlive/2026/texmf-dist/f
onts/type1/public/ipaex-type1/ipxm-r-u7d.pfb></usr/local/texlive/2026/texmf-dis
t/fonts/type1/public/ipaex-type1/ipxm-r-u7e.pfb></usr/local/texlive/2026/texmf-
dist/fonts/type1/public/ipaex-type1/ipxm-r-u7f.pfb></usr/local/texlive/2026/tex
mf-dist/fonts/type1/public/ipaex-type1/ipxm-r-u80.pfb></usr/local/texlive/2026/
texmf-dist/fonts/type1/public/ipaex-type1/ipxm-r-u81.pfb></usr/local/texlive/20
26/texmf-dist/fonts/type1/public/ipaex-type1/ipxm-r-u84.pfb></usr/local/texlive
/2026/texmf-dist/fonts/type1/public/ipaex-type1/ipxm-r-u88.pfb></usr/local/texl
ive/2026/texmf-dist/fonts/type1/public/ipaex-type1/ipxm-r-u89.pfb></usr/local/t
exlive/2026/texmf-dist/fonts/type1/public/ipaex-type1/ipxm-r-u8a.pfb></usr/loca
l/texlive/2026/texmf-dist/fonts/type1/public/ipaex-type1/ipxm-r-u8b.pfb></usr/l
ocal/texlive/2026/texmf-dist/fonts/type1/public/ipaex-type1/ipxm-r-u8c.pfb></us
r/local/texlive/2026/texmf-dist/fonts/type1/public/ipaex-type1/ipxm-r-u8f.pfb><
/usr/local/texlive/2026/texmf-dist/fonts/type1/public/ipaex-type1/ipxm-r-u90.pf
b></usr/local/texlive/2026/texmf-dist/fonts/type1/public/ipaex-type1/ipxm-r-u91
.pfb></usr/local/texlive/2026/texmf-dist/fonts/type1/public/ipaex-type1/ipxm-r-
u95.pfb></usr/local/texlive/2026/texmf-dist/fonts/type1/public/ipaex-type1/ipxm
-r-u96.pfb></usr/local/texlive/2026/texmf-dist/fonts/type1/public/ipaex-type1/i
pxm-r-u98.pfb></usr/local/texlive/2026/texmf-dist/fonts/type1/public/ipaex-type
1/ipxm-r-u99.pfb></usr/local/texlive/2026/texmf-dist/fonts/type1/public/ipaex-t
ype1/ipxm-r-u9a.pfb></usr/local/texlive/2026/texmf-dist/fonts/type1/public/ipae
x-type1/ipxm-r-uff.pfb></usr/local/texlive/2026/texmf-dist/fonts/type1/public/l
m/lmbx10.pfb></usr/local/texlive/2026/texmf-dist/fonts/type1/public/lm/lmcsc10.
pfb></usr/local/texlive/2026/texmf-dist/fonts/type1/public/lm/lmr10.pfb></usr/l
ocal/texlive/2026/texmf-dist/fonts/type1/public/lm/lmr8.pfb></usr/local/texlive
/2026/texmf-dist/fonts/type1/public/lm/lmri10.pfb>
Output written on main.pdf (2 pages, 688979 bytes).
PDF statistics:
 631 PDF objects out of 1000 (max. 8388607)
 396 compressed objects within 4 object streams
 21 named destinations out of 1000 (max. 500000)
 18761 words of extra memory for PDF output out of 20736 (max. 10000000)

